<?xml version="1.0" encoding="UTF-8"?>
<testsuite name="testings.SortsTest" tests="6" skipped="0" failures="0" errors="0" timestamp="2017-10-26T12:19:37" hostname="DESKTOP-CO2J425" time="0.085">
  <properties/>
  <testcase name="heapSortTest" classname="testings.SortsTest" time="0.018"/>
  <testcase name="quickSortTest" classname="testings.SortsTest" time="0.017"/>
  <testcase name="shellSortTest" classname="testings.SortsTest" time="0.011"/>
  <testcase name="insertionSortTest" classname="testings.SortsTest" time="0.009"/>
  <testcase name="bubbleSortTest" classname="testings.SortsTest" time="0.019"/>
  <testcase name="cycleSortTest" classname="testings.SortsTest" time="0.01"/>
  <system-out><![CDATA[]]></system-out>
  <system-err><![CDATA[]]></system-err>
</testsuite>
