<?xml version="1.0" encoding="UTF-8"?>
<testsuite name="testings.MatrixOperationsTest" tests="4" skipped="0" failures="0" errors="0" timestamp="2017-10-26T13:10:58" hostname="DESKTOP-CO2J425" time="0.018">
  <properties/>
  <testcase name="afterNegTest" classname="testings.MatrixOperationsTest" time="0.011"/>
  <testcase name="checkNullMatrix" classname="testings.MatrixOperationsTest" time="0.001"/>
  <testcase name="beforeNegTest" classname="testings.MatrixOperationsTest" time="0.0"/>
  <testcase name="checkOneItemMatrix" classname="testings.MatrixOperationsTest" time="0.0"/>
  <system-out><![CDATA[]]></system-out>
  <system-err><![CDATA[]]></system-err>
</testsuite>
